#
# There is insufficient memory for the Java Runtime Environment to continue.
# Native memory allocation (malloc) failed to allocate 1265104 bytes for Chunk::new
# Possible reasons:
#   The system is out of physical RAM or swap space
#   The process is running with CompressedOops enabled, and the Java Heap may be blocking the growth of the native heap
# Possible solutions:
#   Reduce memory load on the system
#   Increase physical memory or swap space
#   Check if swap backing store is full
#   Decrease Java heap size (-Xmx/-Xms)
#   Decrease number of Java threads
#   Decrease Java thread stack sizes (-Xss)
#   Set larger code cache with -XX:ReservedCodeCacheSize=
#   JVM is running with Unscaled Compressed Oops mode in which the Java heap is
#     placed in the first 4GB address space. The Java Heap base address is the
#     maximum limit for the native heap growth. Please use -XX:HeapBaseMinAddress
#     to set the Java Heap base and to place the Java Heap above 4GB virtual address.
# This output file may be truncated or incomplete.
#
#  Out of Memory Error (arena.cpp:184), pid=2824, tid=18196
#
# JRE version: Java(TM) SE Runtime Environment (20.0.1+9) (build 20.0.1+9-29)
# Java VM: Java HotSpot(TM) 64-Bit Server VM (20.0.1+9-29, mixed mode, sharing, tiered, compressed oops, compressed class ptrs, g1 gc, windows-amd64)
# No core dump will be written. Minidumps are not enabled by default on client versions of Windows
#

---------------  S U M M A R Y ------------

Command Line: -javaagent:C:\Program Files\JetBrains\IntelliJ IDEA Community Edition 2023.1.4\lib\idea_rt.jar=50771:C:\Program Files\JetBrains\IntelliJ IDEA Community Edition 2023.1.4\bin -Dfile.encoding=UTF-8 -Dsun.stdout.encoding=UTF-8 -Dsun.stderr.encoding=UTF-8 pe.proyecto.eventos.ProyectoEventosBackendV1Application

Host: Intel(R) Core(TM) i3-10110U CPU @ 2.10GHz, 4 cores, 3G,  Windows 10 , 64 bit Build 19041 (10.0.19041.4957)
Time: Sun Oct 20 12:48:14 2024 Hora est. Pacífico, Sudamérica elapsed time: 5960.771123 seconds (0d 1h 39m 20s)

---------------  T H R E A D  ---------------

Current thread (0x0000022651752fc0):  JavaThread "C2 CompilerThread0" daemon [_thread_in_native, id=18196, stack(0x000000dd25300000,0x000000dd25400000)]


Current CompileTask:
C2:5960771 10278   !   4       java.util.concurrent.ThreadPoolExecutor::getTask (177 bytes)

Stack: [0x000000dd25300000,0x000000dd25400000]
Native frames: (J=compiled Java code, j=interpreted, Vv=VM code, C=native code)
V  [jvm.dll+0x6bb95a]
V  [jvm.dll+0x8485fa]
V  [jvm.dll+0x84a1f5]
V  [jvm.dll+0x84a8f3]
V  [jvm.dll+0x280b0f]
V  [jvm.dll+0xc2b11]
V  [jvm.dll+0xc2e35]
V  [jvm.dll+0x3bb17c]
V  [jvm.dll+0x3857f5]
V  [jvm.dll+0x384c6a]
V  [jvm.dll+0x24b259]
V  [jvm.dll+0x24a651]
V  [jvm.dll+0x1ce491]
V  [jvm.dll+0x259e1b]
V  [jvm.dll+0x2584f0]
V  [jvm.dll+0x3f2895]
V  [jvm.dll+0x7f4b56]
V  [jvm.dll+0x6ba5cb]
C  [ucrtbase.dll+0x21bb2]
C  [KERNEL32.DLL+0x17374]
C  [ntdll.dll+0x4cc91]


---------------  P R O C E S S  ---------------

Threads class SMR info:
_java_thread_list=0x00000226592d7740, length=29, elements={
0x000002265173f170, 0x0000022651740110, 0x0000022651745690, 0x0000022651748ff0,
0x0000022651749ad0, 0x000002265174fba0, 0x0000022651752fc0, 0x0000022651754420,
0x00000226559839e0, 0x0000022655bc7570, 0x0000022655c4e0d0, 0x00000226576c7d30,
0x00000226576c8280, 0x0000022657f265a0, 0x0000022657f29570, 0x0000022657f27590,
0x0000022657f27ae0, 0x0000022657f28030, 0x0000022657f28580, 0x0000022657f27040,
0x0000022657f26050, 0x0000022657f26af0, 0x0000022657f28ad0, 0x0000022657f29020,
0x000002265939aaf0, 0x000002265939d020, 0x000002265939d570, 0x000002265939b040,
0x000002265939faa0
}

Java Threads: ( => current thread )
  0x000002265173f170 JavaThread "Reference Handler" daemon [_thread_blocked, id=5908, stack(0x000000dd24d00000,0x000000dd24e00000)]
  0x0000022651740110 JavaThread "Finalizer" daemon [_thread_blocked, id=12256, stack(0x000000dd24e00000,0x000000dd24f00000)]
  0x0000022651745690 JavaThread "Signal Dispatcher" daemon [_thread_blocked, id=18756, stack(0x000000dd24f00000,0x000000dd25000000)]
  0x0000022651748ff0 JavaThread "Attach Listener" daemon [_thread_blocked, id=10732, stack(0x000000dd25000000,0x000000dd25100000)]
  0x0000022651749ad0 JavaThread "Service Thread" daemon [_thread_blocked, id=15328, stack(0x000000dd25100000,0x000000dd25200000)]
  0x000002265174fba0 JavaThread "Monitor Deflation Thread" daemon [_thread_blocked, id=6132, stack(0x000000dd25200000,0x000000dd25300000)]
=>0x0000022651752fc0 JavaThread "C2 CompilerThread0" daemon [_thread_in_native, id=18196, stack(0x000000dd25300000,0x000000dd25400000)]
  0x0000022651754420 JavaThread "C1 CompilerThread0" daemon [_thread_blocked, id=19432, stack(0x000000dd25400000,0x000000dd25500000)]
  0x00000226559839e0 JavaThread "Common-Cleaner" daemon [_thread_blocked, id=15148, stack(0x000000dd25500000,0x000000dd25600000)]
  0x0000022655bc7570 JavaThread "Monitor Ctrl-Break" daemon [_thread_in_native, id=7044, stack(0x000000dd25600000,0x000000dd25700000)]
  0x0000022655c4e0d0 JavaThread "Notification Thread" daemon [_thread_blocked, id=10576, stack(0x000000dd25700000,0x000000dd25800000)]
  0x00000226576c7d30 JavaThread "mysql-cj-abandoned-connection-cleanup" daemon [_thread_blocked, id=13428, stack(0x000000dd25c00000,0x000000dd25d00000)]
  0x00000226576c8280 JavaThread "HikariPool-1 housekeeper" daemon [_thread_blocked, id=13160, stack(0x000000dd25e00000,0x000000dd25f00000)]
  0x0000022657f265a0 JavaThread "Catalina-utility-1" [_thread_blocked, id=14820, stack(0x000000dd24300000,0x000000dd24400000)]
  0x0000022657f29570 JavaThread "Catalina-utility-2" [_thread_blocked, id=1492, stack(0x000000dd25f00000,0x000000dd26000000)]
  0x0000022657f27590 JavaThread "container-0" [_thread_blocked, id=18780, stack(0x000000dd26000000,0x000000dd26100000)]
  0x0000022657f27ae0 JavaThread "http-nio-8080-exec-1" daemon [_thread_blocked, id=9748, stack(0x000000dd26100000,0x000000dd26200000)]
  0x0000022657f28030 JavaThread "http-nio-8080-exec-2" daemon [_thread_blocked, id=11044, stack(0x000000dd26200000,0x000000dd26300000)]
  0x0000022657f28580 JavaThread "http-nio-8080-exec-3" daemon [_thread_blocked, id=12460, stack(0x000000dd26300000,0x000000dd26400000)]
  0x0000022657f27040 JavaThread "http-nio-8080-exec-4" daemon [_thread_blocked, id=4708, stack(0x000000dd26400000,0x000000dd26500000)]
  0x0000022657f26050 JavaThread "http-nio-8080-exec-5" daemon [_thread_blocked, id=5828, stack(0x000000dd26500000,0x000000dd26600000)]
  0x0000022657f26af0 JavaThread "http-nio-8080-exec-6" daemon [_thread_in_Java, id=4744, stack(0x000000dd26600000,0x000000dd26700000)]
  0x0000022657f28ad0 JavaThread "http-nio-8080-exec-7" daemon [_thread_blocked, id=15284, stack(0x000000dd26700000,0x000000dd26800000)]
  0x0000022657f29020 JavaThread "http-nio-8080-exec-8" daemon [_thread_in_Java, id=16464, stack(0x000000dd26800000,0x000000dd26900000)]
  0x000002265939aaf0 JavaThread "http-nio-8080-exec-9" daemon [_thread_blocked, id=16744, stack(0x000000dd26900000,0x000000dd26a00000)]
  0x000002265939d020 JavaThread "http-nio-8080-exec-10" daemon [_thread_blocked, id=18948, stack(0x000000dd26a00000,0x000000dd26b00000)]
  0x000002265939d570 JavaThread "http-nio-8080-Poller" daemon [_thread_in_native, id=11060, stack(0x000000dd26b00000,0x000000dd26c00000)]
  0x000002265939b040 JavaThread "http-nio-8080-Acceptor" daemon [_thread_in_native, id=15972, stack(0x000000dd26c00000,0x000000dd26d00000)]
  0x000002265939faa0 JavaThread "DestroyJavaVM" [_thread_blocked, id=4748, stack(0x000000dd24600000,0x000000dd24700000)]

Other Threads:
  0x0000022636dce4d0 VMThread "VM Thread" [stack: 0x000000dd24c00000,0x000000dd24d00000] [id=14956]
  0x0000022655d1ec20 WatcherThread "VM Periodic Task Thread" [stack: 0x000000dd25800000,0x000000dd25900000] [id=18352]
  0x0000022636d599e0 WorkerThread "GC Thread#0" [stack: 0x000000dd24700000,0x000000dd24800000] [id=18356]
  0x0000022655fbfc90 WorkerThread "GC Thread#1" [stack: 0x000000dd25900000,0x000000dd25a00000] [id=6584]
  0x000002265608e100 WorkerThread "GC Thread#2" [stack: 0x000000dd25a00000,0x000000dd25b00000] [id=12192]
  0x000002265608e3d0 WorkerThread "GC Thread#3" [stack: 0x000000dd25b00000,0x000000dd25c00000] [id=924]
  0x0000022636d62280 ConcurrentGCThread "G1 Main Marker" [stack: 0x000000dd24800000,0x000000dd24900000] [id=18440]
  0x0000022636d62bc0 WorkerThread "G1 Conc#0" [stack: 0x000000dd24900000,0x000000dd24a00000] [id=12924]
  0x0000022636daf6b0 ConcurrentGCThread "G1 Refine#0" [stack: 0x000000dd24a00000,0x000000dd24b00000] [id=9180]
  0x0000022636db0060 ConcurrentGCThread "G1 Service" [stack: 0x000000dd24b00000,0x000000dd24c00000] [id=6744]

Threads with active compile tasks:
C2 CompilerThread0  5960841 10278   !   4       java.util.concurrent.ThreadPoolExecutor::getTask (177 bytes)

VM state: not at safepoint (normal execution)

VM Mutex/Monitor currently owned by a thread: None

Heap address: 0x00000000c3000000, size: 976 MB, Compressed Oops mode: 32-bit

CDS archive(s) mapped at: [0x0000000800000000-0x0000000800c60000-0x0000000800c60000), size 12976128, SharedBaseAddress: 0x0000000800000000, ArchiveRelocationMode: 0.
Compressed class space mapped at: 0x0000000801000000-0x0000000841000000, reserved size: 1073741824
Narrow klass base: 0x0000000800000000, Narrow klass shift: 0, Narrow klass range: 0x100000000

GC Precious Log:
 CardTable entry size: 512
 Card Set container configuration: InlinePtr #cards 5 size 8 Array Of Cards #cards 12 size 40 Howl #buckets 4 coarsen threshold 1843 Howl Bitmap #cards 512 size 80 coarsen threshold 460 Card regions per heap region 1 cards per card region 2048
 CPUs: 4 total, 4 available
 Memory: 3900M
 Large Page Support: Disabled
 NUMA Support: Disabled
 Compressed Oops: Enabled (32-bit)
 Heap Region Size: 1M
 Heap Min Capacity: 8M
 Heap Initial Capacity: 62M
 Heap Max Capacity: 976M
 Pre-touch: Disabled
 Parallel Workers: 4
 Concurrent Workers: 1
 Concurrent Refinement Workers: 4
 Periodic GC: Disabled

Heap:
 garbage-first heap   total 76800K, used 52447K [0x00000000c3000000, 0x0000000100000000)
  region size 1024K, 11 young (11264K), 2 survivors (2048K)
 Metaspace       used 88959K, committed 89920K, reserved 1179648K
  class space    used 11820K, committed 12224K, reserved 1048576K

Heap Regions: E=young(eden), S=young(survivor), O=old, HS=humongous(starts), HC=humongous(continues), CS=collection set, F=free, OA=open archive, CA=closed archive, TAMS=top-at-mark-start, PB=parsable bottom
|   0|0x00000000c3000000, 0x00000000c3100000, 0x00000000c3100000|100%|HS|  |TAMS 0x00000000c3000000| PB 0x00000000c3000000| Complete 
|   1|0x00000000c3100000, 0x00000000c3200000, 0x00000000c3200000|100%| O|  |TAMS 0x00000000c3100000| PB 0x00000000c3100000| Untracked 
|   2|0x00000000c3200000, 0x00000000c3300000, 0x00000000c3300000|100%| O|  |TAMS 0x00000000c3200000| PB 0x00000000c3200000| Untracked 
|   3|0x00000000c3300000, 0x00000000c3400000, 0x00000000c3400000|100%| O|  |TAMS 0x00000000c3300000| PB 0x00000000c3300000| Untracked 
|   4|0x00000000c3400000, 0x00000000c3500000, 0x00000000c3500000|100%| O|  |TAMS 0x00000000c3400000| PB 0x00000000c3400000| Untracked 
|   5|0x00000000c3500000, 0x00000000c3600000, 0x00000000c3600000|100%| O|  |TAMS 0x00000000c3500000| PB 0x00000000c3500000| Untracked 
|   6|0x00000000c3600000, 0x00000000c3700000, 0x00000000c3700000|100%| O|  |TAMS 0x00000000c3600000| PB 0x00000000c3600000| Untracked 
|   7|0x00000000c3700000, 0x00000000c3800000, 0x00000000c3800000|100%| O|  |TAMS 0x00000000c3700000| PB 0x00000000c3700000| Untracked 
|   8|0x00000000c3800000, 0x00000000c3900000, 0x00000000c3900000|100%| O|  |TAMS 0x00000000c3800000| PB 0x00000000c3800000| Untracked 
|   9|0x00000000c3900000, 0x00000000c3a00000, 0x00000000c3a00000|100%| O|  |TAMS 0x00000000c3900000| PB 0x00000000c3900000| Untracked 
|  10|0x00000000c3a00000, 0x00000000c3b00000, 0x00000000c3b00000|100%| O|  |TAMS 0x00000000c3a00000| PB 0x00000000c3a00000| Untracked 
|  11|0x00000000c3b00000, 0x00000000c3c00000, 0x00000000c3c00000|100%| O|  |TAMS 0x00000000c3b00000| PB 0x00000000c3b00000| Untracked 
|  12|0x00000000c3c00000, 0x00000000c3d00000, 0x00000000c3d00000|100%| O|  |TAMS 0x00000000c3c00000| PB 0x00000000c3c00000| Untracked 
|  13|0x00000000c3d00000, 0x00000000c3e00000, 0x00000000c3e00000|100%| O|  |TAMS 0x00000000c3d00000| PB 0x00000000c3d00000| Untracked 
|  14|0x00000000c3e00000, 0x00000000c3f00000, 0x00000000c3f00000|100%| O|  |TAMS 0x00000000c3e00000| PB 0x00000000c3e00000| Untracked 
|  15|0x00000000c3f00000, 0x00000000c4000000, 0x00000000c4000000|100%| O|  |TAMS 0x00000000c3f00000| PB 0x00000000c3f00000| Untracked 
|  16|0x00000000c4000000, 0x00000000c4100000, 0x00000000c4100000|100%| O|  |TAMS 0x00000000c4000000| PB 0x00000000c4000000| Complete 
|  17|0x00000000c4100000, 0x00000000c4200000, 0x00000000c4200000|100%| O|  |TAMS 0x00000000c4100000| PB 0x00000000c4100000| Untracked 
|  18|0x00000000c4200000, 0x00000000c4300000, 0x00000000c4300000|100%| O|  |TAMS 0x00000000c4200000| PB 0x00000000c4200000| Untracked 
|  19|0x00000000c4300000, 0x00000000c4400000, 0x00000000c4400000|100%| O|  |TAMS 0x00000000c4300000| PB 0x00000000c4300000| Untracked 
|  20|0x00000000c4400000, 0x00000000c4500000, 0x00000000c4500000|100%| O|  |TAMS 0x00000000c4400000| PB 0x00000000c4400000| Untracked 
|  21|0x00000000c4500000, 0x00000000c4600000, 0x00000000c4600000|100%| O|  |TAMS 0x00000000c4500000| PB 0x00000000c4500000| Untracked 
|  22|0x00000000c4600000, 0x00000000c4700000, 0x00000000c4700000|100%| O|  |TAMS 0x00000000c4600000| PB 0x00000000c4600000| Untracked 
|  23|0x00000000c4700000, 0x00000000c4800000, 0x00000000c4800000|100%| O|  |TAMS 0x00000000c4700000| PB 0x00000000c4700000| Untracked 
|  24|0x00000000c4800000, 0x00000000c4900000, 0x00000000c4900000|100%| O|  |TAMS 0x00000000c4800000| PB 0x00000000c4800000| Untracked 
|  25|0x00000000c4900000, 0x00000000c4a00000, 0x00000000c4a00000|100%| O|  |TAMS 0x00000000c4900000| PB 0x00000000c4900000| Untracked 
|  26|0x00000000c4a00000, 0x00000000c4b00000, 0x00000000c4b00000|100%| O|  |TAMS 0x00000000c4a00000| PB 0x00000000c4a00000| Untracked 
|  27|0x00000000c4b00000, 0x00000000c4c00000, 0x00000000c4c00000|100%| O|  |TAMS 0x00000000c4b00000| PB 0x00000000c4b00000| Untracked 
|  28|0x00000000c4c00000, 0x00000000c4d00000, 0x00000000c4d00000|100%| O|  |TAMS 0x00000000c4c00000| PB 0x00000000c4c00000| Untracked 
|  29|0x00000000c4d00000, 0x00000000c4e00000, 0x00000000c4e00000|100%| O|  |TAMS 0x00000000c4d00000| PB 0x00000000c4d00000| Untracked 
|  30|0x00000000c4e00000, 0x00000000c4f00000, 0x00000000c4f00000|100%| O|  |TAMS 0x00000000c4e00000| PB 0x00000000c4e00000| Complete 
|  31|0x00000000c4f00000, 0x00000000c5000000, 0x00000000c5000000|100%| O|  |TAMS 0x00000000c4f00000| PB 0x00000000c4f00000| Untracked 
|  32|0x00000000c5000000, 0x00000000c5100000, 0x00000000c5100000|100%| O|  |TAMS 0x00000000c5000000| PB 0x00000000c5000000| Complete 
|  33|0x00000000c5100000, 0x00000000c5200000, 0x00000000c5200000|100%| O|  |TAMS 0x00000000c5100000| PB 0x00000000c5100000| Untracked 
|  34|0x00000000c5200000, 0x00000000c5300000, 0x00000000c5300000|100%| O|  |TAMS 0x00000000c5200000| PB 0x00000000c5200000| Untracked 
|  35|0x00000000c5300000, 0x00000000c5400000, 0x00000000c5400000|100%| O|  |TAMS 0x00000000c5300000| PB 0x00000000c5300000| Untracked 
|  36|0x00000000c5400000, 0x00000000c5500000, 0x00000000c5500000|100%| O|  |TAMS 0x00000000c5400000| PB 0x00000000c5400000| Untracked 
|  37|0x00000000c5500000, 0x00000000c5600000, 0x00000000c5600000|100%| O|  |TAMS 0x00000000c5500000| PB 0x00000000c5500000| Untracked 
|  38|0x00000000c5600000, 0x00000000c5700000, 0x00000000c5700000|100%| O|  |TAMS 0x00000000c5600000| PB 0x00000000c5600000| Untracked 
|  39|0x00000000c5700000, 0x00000000c5800000, 0x00000000c5800000|100%| O|  |TAMS 0x00000000c5700000| PB 0x00000000c5700000| Untracked 
|  40|0x00000000c5800000, 0x00000000c5900000, 0x00000000c5900000|100%| O|  |TAMS 0x00000000c5800000| PB 0x00000000c5800000| Untracked 
|  41|0x00000000c5900000, 0x00000000c5900000, 0x00000000c5a00000|  0%| F|  |TAMS 0x00000000c5900000| PB 0x00000000c5900000| Untracked 
|  42|0x00000000c5a00000, 0x00000000c5a00000, 0x00000000c5b00000|  0%| F|  |TAMS 0x00000000c5a00000| PB 0x00000000c5a00000| Untracked 
|  43|0x00000000c5b00000, 0x00000000c5b00000, 0x00000000c5c00000|  0%| F|  |TAMS 0x00000000c5b00000| PB 0x00000000c5b00000| Untracked 
|  44|0x00000000c5c00000, 0x00000000c5c59600, 0x00000000c5d00000| 34%| O|  |TAMS 0x00000000c5c00000| PB 0x00000000c5c00000| Untracked 
|  45|0x00000000c5d00000, 0x00000000c5d00000, 0x00000000c5e00000|  0%| F|  |TAMS 0x00000000c5d00000| PB 0x00000000c5d00000| Untracked 
|  46|0x00000000c5e00000, 0x00000000c5e00000, 0x00000000c5f00000|  0%| F|  |TAMS 0x00000000c5e00000| PB 0x00000000c5e00000| Untracked 
|  47|0x00000000c5f00000, 0x00000000c5f00000, 0x00000000c6000000|  0%| F|  |TAMS 0x00000000c5f00000| PB 0x00000000c5f00000| Untracked 
|  48|0x00000000c6000000, 0x00000000c60de7a8, 0x00000000c6100000| 86%| S|CS|TAMS 0x00000000c6000000| PB 0x00000000c6000000| Complete 
|  49|0x00000000c6100000, 0x00000000c6200000, 0x00000000c6200000|100%| S|CS|TAMS 0x00000000c6100000| PB 0x00000000c6100000| Complete 
|  50|0x00000000c6200000, 0x00000000c6200000, 0x00000000c6300000|  0%| F|  |TAMS 0x00000000c6200000| PB 0x00000000c6200000| Untracked 
|  51|0x00000000c6300000, 0x00000000c6300000, 0x00000000c6400000|  0%| F|  |TAMS 0x00000000c6300000| PB 0x00000000c6300000| Untracked 
|  52|0x00000000c6400000, 0x00000000c6400000, 0x00000000c6500000|  0%| F|  |TAMS 0x00000000c6400000| PB 0x00000000c6400000| Untracked 
|  53|0x00000000c6500000, 0x00000000c6500000, 0x00000000c6600000|  0%| F|  |TAMS 0x00000000c6500000| PB 0x00000000c6500000| Untracked 
|  54|0x00000000c6600000, 0x00000000c6600000, 0x00000000c6700000|  0%| F|  |TAMS 0x00000000c6600000| PB 0x00000000c6600000| Untracked 
|  55|0x00000000c6700000, 0x00000000c6700000, 0x00000000c6800000|  0%| F|  |TAMS 0x00000000c6700000| PB 0x00000000c6700000| Untracked 
|  56|0x00000000c6800000, 0x00000000c6800000, 0x00000000c6900000|  0%| F|  |TAMS 0x00000000c6800000| PB 0x00000000c6800000| Untracked 
|  57|0x00000000c6900000, 0x00000000c6900000, 0x00000000c6a00000|  0%| F|  |TAMS 0x00000000c6900000| PB 0x00000000c6900000| Untracked 
|  58|0x00000000c6a00000, 0x00000000c6a00000, 0x00000000c6b00000|  0%| F|  |TAMS 0x00000000c6a00000| PB 0x00000000c6a00000| Untracked 
|  59|0x00000000c6b00000, 0x00000000c6b00000, 0x00000000c6c00000|  0%| F|  |TAMS 0x00000000c6b00000| PB 0x00000000c6b00000| Untracked 
|  60|0x00000000c6c00000, 0x00000000c6c00000, 0x00000000c6d00000|  0%| F|  |TAMS 0x00000000c6c00000| PB 0x00000000c6c00000| Untracked 
|  61|0x00000000c6d00000, 0x00000000c6d00000, 0x00000000c6e00000|  0%| F|  |TAMS 0x00000000c6d00000| PB 0x00000000c6d00000| Untracked 
|  62|0x00000000c6e00000, 0x00000000c6e00000, 0x00000000c6f00000|  0%| F|  |TAMS 0x00000000c6e00000| PB 0x00000000c6e00000| Untracked 
|  63|0x00000000c6f00000, 0x00000000c6f00000, 0x00000000c7000000|  0%| F|  |TAMS 0x00000000c6f00000| PB 0x00000000c6f00000| Untracked 
|  64|0x00000000c7000000, 0x00000000c7000000, 0x00000000c7100000|  0%| F|  |TAMS 0x00000000c7000000| PB 0x00000000c7000000| Untracked 
|  65|0x00000000c7100000, 0x00000000c7100000, 0x00000000c7200000|  0%| F|  |TAMS 0x00000000c7100000| PB 0x00000000c7100000| Untracked 
|  66|0x00000000c7200000, 0x00000000c72f2190, 0x00000000c7300000| 94%| E|  |TAMS 0x00000000c7200000| PB 0x00000000c7200000| Complete 
|  67|0x00000000c7300000, 0x00000000c7400000, 0x00000000c7400000|100%| E|CS|TAMS 0x00000000c7300000| PB 0x00000000c7300000| Complete 
|  68|0x00000000c7400000, 0x00000000c7500000, 0x00000000c7500000|100%| E|CS|TAMS 0x00000000c7400000| PB 0x00000000c7400000| Complete 
|  69|0x00000000c7500000, 0x00000000c7600000, 0x00000000c7600000|100%| E|CS|TAMS 0x00000000c7500000| PB 0x00000000c7500000| Complete 
|  70|0x00000000c7600000, 0x00000000c7700000, 0x00000000c7700000|100%| E|CS|TAMS 0x00000000c7600000| PB 0x00000000c7600000| Complete 
|  71|0x00000000c7700000, 0x00000000c7800000, 0x00000000c7800000|100%| E|CS|TAMS 0x00000000c7700000| PB 0x00000000c7700000| Complete 
|  72|0x00000000c7800000, 0x00000000c7900000, 0x00000000c7900000|100%| E|CS|TAMS 0x00000000c7800000| PB 0x00000000c7800000| Complete 
|  73|0x00000000c7900000, 0x00000000c7a00000, 0x00000000c7a00000|100%| E|CS|TAMS 0x00000000c7900000| PB 0x00000000c7900000| Complete 
|  74|0x00000000c7a00000, 0x00000000c7b00000, 0x00000000c7b00000|100%| E|CS|TAMS 0x00000000c7a00000| PB 0x00000000c7a00000| Complete 

Card table byte_map: [0x000002264dfb0000,0x000002264e1a0000] _byte_map_base: 0x000002264d998000

Marking Bits: (CMBitMap*) 0x0000022636d59f20
 Bits: [0x000002264e390000, 0x000002264f2d0000)

Polling page: 0x00000226364d0000

Metaspace:

Usage:
  Non-class:     75.33 MB used.
      Class:     11.54 MB used.
       Both:     86.88 MB used.

Virtual space:
  Non-class space:      128.00 MB reserved,      75.88 MB ( 59%) committed,  2 nodes.
      Class space:        1.00 GB reserved,      11.94 MB (  1%) committed,  1 nodes.
             Both:        1.12 GB reserved,      87.81 MB (  8%) committed. 

Chunk freelists:
   Non-Class:  3.85 MB
       Class:  159.00 KB
        Both:  4.01 MB

MaxMetaspaceSize: unlimited
CompressedClassSpaceSize: 1.00 GB
Initial GC threshold: 21.00 MB
Current GC threshold: 146.06 MB
CDS: on
MetaspaceReclaimPolicy: balanced
 - commit_granule_bytes: 65536.
 - commit_granule_words: 8192.
 - virtual_space_node_default_size: 8388608.
 - enlarge_chunks_in_place: 1.
 - new_chunks_are_fully_committed: 0.
 - uncommit_free_chunks: 1.
 - use_allocation_guard: 0.


Internal statistics:

num_allocs_failed_limit: 9.
num_arena_births: 1214.
num_arena_deaths: 188.
num_vsnodes_births: 3.
num_vsnodes_deaths: 0.
num_space_committed: 1405.
num_space_uncommitted: 0.
num_chunks_returned_to_freelist: 219.
num_chunks_taken_from_freelist: 4372.
num_chunk_merges: 54.
num_chunk_splits: 3181.
num_chunks_enlarged: 2494.
num_inconsistent_stats: 0.

CodeHeap 'non-profiled nmethods': size=120000Kb used=4947Kb max_used=5090Kb free=115052Kb
 bounds [0x0000022646890000, 0x0000022646d90000, 0x000002264ddc0000]
CodeHeap 'profiled nmethods': size=120000Kb used=16920Kb max_used=16920Kb free=103080Kb
 bounds [0x000002263edc0000, 0x000002263fe50000, 0x00000226462f0000]
CodeHeap 'non-nmethods': size=5760Kb used=1814Kb max_used=1859Kb free=3946Kb
 bounds [0x00000226462f0000, 0x0000022646560000, 0x0000022646890000]
 total_blobs=9568 nmethods=8804 adapters=673
 compilation: enabled
              stopped_count=0, restarted_count=0
 full_count=0

Compilation events (20 events):
Event: 5960.529 Thread 0x0000022651752fc0 nmethod 10275 0x0000022646ca4990 code [0x0000022646ca4b00, 0x0000022646ca4be8]
Event: 5960.530 Thread 0x0000022651752fc0 10276       4       java.util.concurrent.ThreadPoolExecutor$Worker::unlock (7 bytes)
Event: 5960.531 Thread 0x0000022651754420 nmethod 10271 0x000002263fe3cc10 code [0x000002263fe3ce40, 0x000002263fe3d5c0]
Event: 5960.531 Thread 0x0000022651754420 10272       3       com.mysql.cj.protocol.a.result.OkPacket::<init> (45 bytes)
Event: 5960.533 Thread 0x0000022651754420 nmethod 10272 0x000002263fe3d890 code [0x000002263fe3da60, 0x000002263fe3e050]
Event: 5960.533 Thread 0x0000022651754420 10273       3       com.mysql.cj.protocol.a.NativeServerSessionStateController$NativeServerSessionStateChanges::<init> (16 bytes)
Event: 5960.533 Thread 0x0000022651754420 nmethod 10273 0x000002263fe3e210 code [0x000002263fe3e3c0, 0x000002263fe3e7d0]
Event: 5960.534 Thread 0x0000022651754420 10274       1       org.hibernate.query.sqm.internal.SqmJdbcExecutionContextAdapter::getQueryOptions (5 bytes)
Event: 5960.535 Thread 0x0000022651754420 nmethod 10274 0x0000022646ca4690 code [0x0000022646ca4800, 0x0000022646ca48c8]
Event: 5960.537 Thread 0x0000022651752fc0 nmethod 10276 0x0000022646ca4290 code [0x0000022646ca4420, 0x0000022646ca4588]
Event: 5960.537 Thread 0x0000022651752fc0 10278   !   4       java.util.concurrent.ThreadPoolExecutor::getTask (177 bytes)
Event: 5960.687 Thread 0x0000022651754420 10279       1       org.hibernate.tuple.entity.EntityMetamodel::isPolymorphic (5 bytes)
Event: 5960.688 Thread 0x0000022651754420 nmethod 10279 0x0000022646ca3f90 code [0x0000022646ca4100, 0x0000022646ca41d0]
Event: 5960.706 Thread 0x0000022651754420 10280       3       org.hibernate.sql.results.jdbc.internal.DeferredResultSetAccess::getResultSet (16 bytes)
Event: 5960.709 Thread 0x0000022651754420 nmethod 10280 0x000002263fe3e910 code [0x000002263fe3eaa0, 0x000002263fe3ec28]
Event: 5960.720 Thread 0x0000022651754420 10281       1       org.hibernate.metamodel.mapping.internal.SimpleAttributeMetadata::getMutabilityPlan (5 bytes)
Event: 5960.722 Thread 0x0000022651754420 nmethod 10281 0x0000022646ca3c90 code [0x0000022646ca3e00, 0x0000022646ca3ec8]
Event: 5960.735 Thread 0x0000022651754420 10282       3       org.hibernate.sql.results.internal.InitializersList$Builder::initializeFirst (34 bytes)
Event: 5960.737 Thread 0x0000022651754420 nmethod 10282 0x000002263fe3ed10 code [0x000002263fe3eec0, 0x000002263fe3f498]
Event: 5960.755 Thread 0x0000022651754420 10283       3       org.hibernate.sql.results.graph.basic.BasicResultAssembler::assemble (120 bytes)

GC Heap History (20 events):
Event: 30.612 GC heap before
{Heap before GC invocations=18 (full 0):
 garbage-first heap   total 55296K, used 46093K [0x00000000c3000000, 0x0000000100000000)
  region size 1024K, 20 young (20480K), 3 survivors (3072K)
 Metaspace       used 68316K, committed 68928K, reserved 1114112K
  class space    used 8956K, committed 9216K, reserved 1048576K
}
Event: 30.625 GC heap after
{Heap after GC invocations=19 (full 0):
 garbage-first heap   total 55296K, used 31244K [0x00000000c3000000, 0x0000000100000000)
  region size 1024K, 3 young (3072K), 3 survivors (3072K)
 Metaspace       used 68316K, committed 68928K, reserved 1114112K
  class space    used 8956K, committed 9216K, reserved 1048576K
}
Event: 31.994 GC heap before
{Heap before GC invocations=20 (full 0):
 garbage-first heap   total 55296K, used 47628K [0x00000000c3000000, 0x0000000100000000)
  region size 1024K, 19 young (19456K), 3 survivors (3072K)
 Metaspace       used 70380K, committed 71104K, reserved 1114112K
  class space    used 9260K, committed 9600K, reserved 1048576K
}
Event: 32.004 GC heap after
{Heap after GC invocations=21 (full 0):
 garbage-first heap   total 55296K, used 33015K [0x00000000c3000000, 0x0000000100000000)
  region size 1024K, 2 young (2048K), 2 survivors (2048K)
 Metaspace       used 70380K, committed 71104K, reserved 1114112K
  class space    used 9260K, committed 9600K, reserved 1048576K
}
Event: 32.910 GC heap before
{Heap before GC invocations=21 (full 0):
 garbage-first heap   total 55296K, used 48375K [0x00000000c3000000, 0x0000000100000000)
  region size 1024K, 17 young (17408K), 2 survivors (2048K)
 Metaspace       used 71505K, committed 72128K, reserved 1114112K
  class space    used 9373K, committed 9664K, reserved 1048576K
}
Event: 32.919 GC heap after
{Heap after GC invocations=22 (full 0):
 garbage-first heap   total 55296K, used 33999K [0x00000000c3000000, 0x0000000100000000)
  region size 1024K, 3 young (3072K), 3 survivors (3072K)
 Metaspace       used 71505K, committed 72128K, reserved 1114112K
  class space    used 9373K, committed 9664K, reserved 1048576K
}
Event: 33.498 GC heap before
{Heap before GC invocations=22 (full 0):
 garbage-first heap   total 55296K, used 46287K [0x00000000c3000000, 0x0000000100000000)
  region size 1024K, 16 young (16384K), 3 survivors (3072K)
 Metaspace       used 74257K, committed 75008K, reserved 1114112K
  class space    used 9968K, committed 10304K, reserved 1048576K
}
Event: 33.507 GC heap after
{Heap after GC invocations=23 (full 0):
 garbage-first heap   total 55296K, used 35394K [0x00000000c3000000, 0x0000000100000000)
  region size 1024K, 2 young (2048K), 2 survivors (2048K)
 Metaspace       used 74257K, committed 75008K, reserved 1114112K
  class space    used 9968K, committed 10304K, reserved 1048576K
}
Event: 34.098 GC heap before
{Heap before GC invocations=24 (full 0):
 garbage-first heap   total 68608K, used 47682K [0x00000000c3000000, 0x0000000100000000)
  region size 1024K, 15 young (15360K), 2 survivors (2048K)
 Metaspace       used 75631K, committed 76416K, reserved 1179648K
  class space    used 10148K, committed 10496K, reserved 1048576K
}
Event: 34.107 GC heap after
{Heap after GC invocations=25 (full 0):
 garbage-first heap   total 68608K, used 36073K [0x00000000c3000000, 0x0000000100000000)
  region size 1024K, 1 young (1024K), 1 survivors (1024K)
 Metaspace       used 75631K, committed 76416K, reserved 1179648K
  class space    used 10148K, committed 10496K, reserved 1048576K
}
Event: 35.997 GC heap before
{Heap before GC invocations=25 (full 0):
 garbage-first heap   total 68608K, used 61673K [0x00000000c3000000, 0x0000000100000000)
  region size 1024K, 26 young (26624K), 1 survivors (1024K)
 Metaspace       used 77584K, committed 78272K, reserved 1179648K
  class space    used 10380K, committed 10688K, reserved 1048576K
}
Event: 36.009 GC heap after
{Heap after GC invocations=26 (full 0):
 garbage-first heap   total 68608K, used 36902K [0x00000000c3000000, 0x0000000100000000)
  region size 1024K, 3 young (3072K), 3 survivors (3072K)
 Metaspace       used 77584K, committed 78272K, reserved 1179648K
  class space    used 10380K, committed 10688K, reserved 1048576K
}
Event: 37.450 GC heap before
{Heap before GC invocations=26 (full 0):
 garbage-first heap   total 68608K, used 60454K [0x00000000c3000000, 0x0000000100000000)
  region size 1024K, 26 young (26624K), 3 survivors (3072K)
 Metaspace       used 79463K, committed 80192K, reserved 1179648K
  class space    used 10636K, committed 10944K, reserved 1048576K
}
Event: 37.474 GC heap after
{Heap after GC invocations=27 (full 0):
 garbage-first heap   total 68608K, used 38912K [0x00000000c3000000, 0x0000000100000000)
  region size 1024K, 4 young (4096K), 4 survivors (4096K)
 Metaspace       used 79463K, committed 80192K, reserved 1179648K
  class space    used 10636K, committed 10944K, reserved 1048576K
}
Event: 39.076 GC heap before
{Heap before GC invocations=28 (full 0):
 garbage-first heap   total 70656K, used 60416K [0x00000000c3000000, 0x0000000100000000)
  region size 1024K, 25 young (25600K), 4 survivors (4096K)
 Metaspace       used 81441K, committed 82240K, reserved 1179648K
  class space    used 10905K, committed 11264K, reserved 1048576K
}
Event: 39.093 GC heap after
{Heap after GC invocations=29 (full 0):
 garbage-first heap   total 70656K, used 40924K [0x00000000c3000000, 0x0000000100000000)
  region size 1024K, 4 young (4096K), 4 survivors (4096K)
 Metaspace       used 81441K, committed 82240K, reserved 1179648K
  class space    used 10905K, committed 11264K, reserved 1048576K
}
Event: 42.229 GC heap before
{Heap before GC invocations=29 (full 0):
 garbage-first heap   total 70656K, used 61404K [0x00000000c3000000, 0x0000000100000000)
  region size 1024K, 25 young (25600K), 4 survivors (4096K)
 Metaspace       used 85130K, committed 85952K, reserved 1179648K
  class space    used 11396K, committed 11776K, reserved 1048576K
}
Event: 42.266 GC heap after
{Heap after GC invocations=30 (full 0):
 garbage-first heap   total 70656K, used 42547K [0x00000000c3000000, 0x0000000100000000)
  region size 1024K, 3 young (3072K), 3 survivors (3072K)
 Metaspace       used 85130K, committed 85952K, reserved 1179648K
  class space    used 11396K, committed 11776K, reserved 1048576K
}
Event: 962.971 GC heap before
{Heap before GC invocations=30 (full 0):
 garbage-first heap   total 70656K, used 60979K [0x00000000c3000000, 0x0000000100000000)
  region size 1024K, 22 young (22528K), 3 survivors (3072K)
 Metaspace       used 88898K, committed 89728K, reserved 1179648K
  class space    used 11860K, committed 12224K, reserved 1048576K
}
Event: 963.207 GC heap after
{Heap after GC invocations=31 (full 0):
 garbage-first heap   total 70656K, used 44255K [0x00000000c3000000, 0x0000000100000000)
  region size 1024K, 2 young (2048K), 2 survivors (2048K)
 Metaspace       used 88898K, committed 89728K, reserved 1179648K
  class space    used 11860K, committed 12224K, reserved 1048576K
}

Dll operation events (14 events):
Event: 0.033 Loaded shared library C:\Program Files\Java\jdk-20\bin\java.dll
Event: 0.070 Loaded shared library C:\Program Files\Java\jdk-20\bin\jsvml.dll
Event: 0.252 Loaded shared library C:\Program Files\Java\jdk-20\bin\zip.dll
Event: 0.256 Loaded shared library C:\Program Files\Java\jdk-20\bin\instrument.dll
Event: 0.265 Loaded shared library C:\Program Files\Java\jdk-20\bin\net.dll
Event: 0.267 Loaded shared library C:\Program Files\Java\jdk-20\bin\nio.dll
Event: 0.274 Loaded shared library C:\Program Files\Java\jdk-20\bin\zip.dll
Event: 0.699 Loaded shared library C:\Program Files\JetBrains\IntelliJ IDEA Community Edition 2023.1.4\bin\breakgen64.dll
Event: 0.760 Loaded shared library C:\Program Files\Java\jdk-20\bin\extnet.dll
Event: 0.869 Loaded shared library C:\Program Files\Java\jdk-20\bin\jimage.dll
Event: 5.787 Loaded shared library C:\Program Files\Java\jdk-20\bin\sunmscapi.dll
Event: 13.575 Loaded shared library C:\Program Files\Java\jdk-20\bin\management.dll
Event: 13.580 Loaded shared library C:\Program Files\Java\jdk-20\bin\management_ext.dll
Event: 16.203 Loaded shared library C:\Program Files\Java\jdk-20\bin\verify.dll

Deoptimization events (20 events):
Event: 5944.824 Thread 0x000002265939bae0 DEOPT PACKING pc=0x0000022646c62da0 sp=0x000000dd245fde00
Event: 5944.824 Thread 0x000002265939bae0 DEOPT UNPACKING pc=0x0000022646359d22 sp=0x000000dd245fdd98 mode 2
Event: 5944.824 Thread 0x000002265939bae0 Uncommon trap: trap_request=0xffffffbe fr.pc=0x0000022646c62da0 relative=0x0000000000000580
Event: 5944.824 Thread 0x000002265939bae0 Uncommon trap: reason=profile_predicate action=maybe_recompile pc=0x0000022646c62da0 method=com.sun.crypto.provider.HmacCore.engineInit(Ljava/security/Key;Ljava/security/spec/AlgorithmParameterSpec;)V @ 88 c2
Event: 5944.824 Thread 0x000002265939bae0 DEOPT PACKING pc=0x0000022646c62da0 sp=0x000000dd245fde00
Event: 5944.824 Thread 0x000002265939bae0 DEOPT UNPACKING pc=0x0000022646359d22 sp=0x000000dd245fdd98 mode 2
Event: 5944.882 Thread 0x000002265939bae0 DEOPT PACKING pc=0x000002263f6f6f23 sp=0x000000dd245fda40
Event: 5944.882 Thread 0x000002265939bae0 DEOPT UNPACKING pc=0x000002264635a4c2 sp=0x000000dd245fceb0 mode 0
Event: 5944.922 Thread 0x000002265939bae0 DEOPT PACKING pc=0x000002263f5b6347 sp=0x000000dd245fe800
Event: 5944.922 Thread 0x000002265939bae0 DEOPT UNPACKING pc=0x000002264635a4c2 sp=0x000000dd245fdc80 mode 0
Event: 5945.044 Thread 0x000002265939bae0 DEOPT PACKING pc=0x000002263f7a6c44 sp=0x000000dd245fda00
Event: 5945.044 Thread 0x000002265939bae0 DEOPT UNPACKING pc=0x000002264635a4c2 sp=0x000000dd245fce80 mode 0
Event: 5951.495 Thread 0x000002265939bae0 DEOPT PACKING pc=0x000002263f60ff2e sp=0x000000dd245fdcd0
Event: 5951.495 Thread 0x000002265939bae0 DEOPT UNPACKING pc=0x000002264635a4c2 sp=0x000000dd245fd150 mode 0
Event: 5951.496 Thread 0x000002265939bae0 DEOPT PACKING pc=0x000002263f857f30 sp=0x000000dd245fda40
Event: 5951.496 Thread 0x000002265939bae0 DEOPT UNPACKING pc=0x000002264635a4c2 sp=0x000000dd245fcec0 mode 0
Event: 5958.123 Thread 0x0000022657f28ad0 Uncommon trap: trap_request=0xffffff45 fr.pc=0x00000226468fde6c relative=0x000000000000006c
Event: 5958.124 Thread 0x0000022657f28ad0 Uncommon trap: reason=unstable_if action=reinterpret pc=0x00000226468fde6c method=java.lang.ref.ReferenceQueue.headIsNull()Z @ 4 c2
Event: 5958.124 Thread 0x0000022657f28ad0 DEOPT PACKING pc=0x00000226468fde6c sp=0x000000dd267fe240
Event: 5958.124 Thread 0x0000022657f28ad0 DEOPT UNPACKING pc=0x0000022646359d22 sp=0x000000dd267fe168 mode 2

Classes loaded (20 events):
Event: 93.442 Loading class jdk/internal/icu/impl/Trie2$ValueMapper done
Event: 93.442 Loading class jdk/internal/icu/impl/Trie2$1 done
Event: 93.442 Loading class jdk/internal/icu/impl/Trie2$UTrie2Header
Event: 93.442 Loading class jdk/internal/icu/impl/Trie2$UTrie2Header done
Event: 94.341 Loading class java/util/stream/LongStream
Event: 94.342 Loading class java/util/stream/LongStream done
Event: 94.342 Loading class java/util/stream/DoubleStream
Event: 94.342 Loading class java/util/stream/DoubleStream done
Event: 96.475 Loading class java/util/concurrent/locks/ReentrantReadWriteLock$Sync$HoldCounter
Event: 96.477 Loading class java/util/concurrent/locks/ReentrantReadWriteLock$Sync$HoldCounter done
Event: 96.759 Loading class jdk/internal/reflect/MethodHandleBooleanFieldAccessorImpl
Event: 96.760 Loading class jdk/internal/reflect/MethodHandleBooleanFieldAccessorImpl done
Event: 1777.986 Loading class sun/security/ssl/Alert
Event: 1778.460 Loading class sun/security/ssl/Alert done
Event: 1778.573 Loading class sun/security/ssl/Alert$AlertConsumer
Event: 1778.815 Loading class sun/security/ssl/Alert$AlertConsumer done
Event: 1778.816 Loading class sun/security/ssl/Alert$Level
Event: 1778.856 Loading class sun/security/ssl/Alert$Level done
Event: 1778.907 Loading class sun/net/ConnectionResetException
Event: 1778.924 Loading class sun/net/ConnectionResetException done

Classes unloaded (20 events):
Event: 963.908 Thread 0x0000022636dce4d0 Unloading class 0x00000008012b5800 'java/lang/invoke/LambdaForm$MH+0x00000008012b5800'
Event: 963.908 Thread 0x0000022636dce4d0 Unloading class 0x00000008012b5400 'java/lang/invoke/LambdaForm$MH+0x00000008012b5400'
Event: 963.908 Thread 0x0000022636dce4d0 Unloading class 0x00000008012b4c00 'java/lang/invoke/LambdaForm$MH+0x00000008012b4c00'
Event: 963.909 Thread 0x0000022636dce4d0 Unloading class 0x00000008012b4000 'java/lang/invoke/LambdaForm$MH+0x00000008012b4000'
Event: 963.909 Thread 0x0000022636dce4d0 Unloading class 0x0000000801264400 'java/lang/invoke/LambdaForm$DMH+0x0000000801264400'
Event: 963.909 Thread 0x0000022636dce4d0 Unloading class 0x0000000801129000 'java/lang/invoke/LambdaForm$DMH+0x0000000801129000'
Event: 963.910 Thread 0x0000022636dce4d0 Unloading class 0x000000080108d800 'java/lang/invoke/LambdaForm$MH+0x000000080108d800'
Event: 963.910 Thread 0x0000022636dce4d0 Unloading class 0x0000000801019400 'java/lang/invoke/LambdaForm$MH+0x0000000801019400'
Event: 963.911 Thread 0x0000022636dce4d0 Unloading class 0x0000000801018800 'java/lang/invoke/LambdaForm$MH+0x0000000801018800'
Event: 963.911 Thread 0x0000022636dce4d0 Unloading class 0x0000000801018400 'java/lang/invoke/LambdaForm$MH+0x0000000801018400'
Event: 963.911 Thread 0x0000022636dce4d0 Unloading class 0x0000000801017c00 'java/lang/invoke/LambdaForm$MH+0x0000000801017c00'
Event: 963.911 Thread 0x0000022636dce4d0 Unloading class 0x0000000801017800 'java/lang/invoke/LambdaForm$MH+0x0000000801017800'
Event: 963.911 Thread 0x0000022636dce4d0 Unloading class 0x0000000801017400 'java/lang/invoke/LambdaForm$MH+0x0000000801017400'
Event: 963.911 Thread 0x0000022636dce4d0 Unloading class 0x0000000801016800 'java/lang/invoke/LambdaForm$MH+0x0000000801016800'
Event: 963.911 Thread 0x0000022636dce4d0 Unloading class 0x0000000801014c00 'java/lang/invoke/LambdaForm$MH+0x0000000801014c00'
Event: 963.911 Thread 0x0000022636dce4d0 Unloading class 0x0000000801014400 'java/lang/invoke/LambdaForm$MH+0x0000000801014400'
Event: 963.912 Thread 0x0000022636dce4d0 Unloading class 0x0000000801002400 'java/lang/invoke/LambdaForm$MH+0x0000000801002400'
Event: 963.912 Thread 0x0000022636dce4d0 Unloading class 0x0000000801002000 'java/lang/invoke/LambdaForm$MH+0x0000000801002000'
Event: 963.912 Thread 0x0000022636dce4d0 Unloading class 0x0000000801001c00 'java/lang/invoke/LambdaForm$MH+0x0000000801001c00'
Event: 963.912 Thread 0x0000022636dce4d0 Unloading class 0x0000000801001400 'java/lang/invoke/LambdaForm$MH+0x0000000801001400'

Classes redefined (0 events):
No events

Internal exceptions (20 events):
Event: 37.102 Thread 0x0000022636d1ae10 Exception <a 'java/lang/IncompatibleClassChangeError'{0x00000000c612d5d0}: Found class java.lang.Object, but interface was expected> (0x00000000c612d5d0) 
thrown [s\open\src\hotspot\share\interpreter\linkResolver.cpp, line 840]
Event: 37.960 Thread 0x0000022636d1ae10 Exception <a 'java/lang/NoSuchMethodError'{0x00000000c7466448}: 'java.lang.Object java.lang.invoke.DirectMethodHandle$Holder.invokeInterface(java.lang.Object, java.lang.Object, java.lang.Object, java.lang.Object)'> (0x00000000c7466448) 
thrown [s\open\src\hotspot\share\interpreter\linkResolver.cpp, line 773]
Event: 38.077 Thread 0x0000022636d1ae10 Exception <a 'java/lang/NoSuchMethodError'{0x00000000c6e6a110}: 'void java.lang.invoke.DirectMethodHandle$Holder.invokeVirtual(java.lang.Object, java.lang.Object, long)'> (0x00000000c6e6a110) 
thrown [s\open\src\hotspot\share\interpreter\linkResolver.cpp, line 773]
Event: 38.234 Thread 0x0000022636d1ae10 Exception <a 'java/lang/NoSuchMethodError'{0x00000000c690ed30}: 'int java.lang.invoke.DirectMethodHandle$Holder.invokeStaticInit(java.lang.Object, java.lang.Object, java.lang.Object, java.lang.Object)'> (0x00000000c690ed30) 
thrown [s\open\src\hotspot\share\interpreter\linkResolver.cpp, line 773]
Event: 38.530 Thread 0x0000022636d1ae10 Exception <a 'java/lang/NoSuchMethodError'{0x00000000c6500e78}: 'java.lang.Object java.lang.invoke.DirectMethodHandle$Holder.invokeVirtual(java.lang.Object, java.lang.Object, java.lang.Object, java.lang.Object, java.lang.Object, java.lang.Object, java.lang.Object, java.lang.Object, java.lang.Object)'> (0x00000000c6500e78) 
thrown [s\open\src\hotspot\share\interpreter\linkResolver.cpp, line 773]
Event: 38.746 Thread 0x0000022636d1ae10 Exception <a 'java/lang/NoSuchMethodError'{0x00000000c64d36a8}: 'java.lang.Object java.lang.invoke.DirectMethodHandle$Holder.invokeVirtual(java.lang.Object, java.lang.Object, java.lang.Object, java.lang.Object, java.lang.Object, java.lang.Object, java.lang.Object, java.lang.Object, java.lang.Object, java.lang.Object)'> (0x00000000c64d36a8) 
thrown [s\open\src\hotspot\share\interpreter\linkResolver.cpp, line 773]
Event: 39.047 Thread 0x0000022636d1ae10 Exception <a 'java/lang/IncompatibleClassChangeError'{0x00000000c6001f48}: Found class java.lang.Object, but interface was expected> (0x00000000c6001f48) 
thrown [s\open\src\hotspot\share\interpreter\linkResolver.cpp, line 840]
Event: 39.099 Thread 0x0000022636d1ae10 Implicit null exception at 0x00000226469e3ecb to 0x00000226469e40ec
Event: 39.289 Thread 0x0000022636d1ae10 Exception <a 'java/lang/NoSuchMethodError'{0x00000000c6e45a28}: 'java.lang.Object java.lang.invoke.DirectMethodHandle$Holder.newInvokeSpecial(java.lang.Object, java.lang.Object, int, java.lang.Object, java.lang.Object)'> (0x00000000c6e45a28) 
thrown [s\open\src\hotspot\share\interpreter\linkResolver.cpp, line 773]
Event: 40.024 Thread 0x0000022636d1ae10 Exception <a 'java/lang/NoSuchMethodError'{0x00000000c6516210}: 'void java.lang.invoke.DirectMethodHandle$Holder.invokeSpecialIFC(java.lang.Object, java.lang.Object, int, java.lang.Object, java.lang.Object, java.lang.Object, java.lang.Object)'> (0x00000000c6516210) 
thrown [s\open\src\hotspot\share\interpreter\linkResolver.cpp, line 773]
Event: 41.998 Thread 0x0000022657f27ae0 Exception <a 'java/lang/NoSuchMethodError'{0x00000000c6275598}: 'java.lang.Object java.lang.invoke.DirectMethodHandle$Holder.invokeSpecial(java.lang.Object, java.lang.Object, java.lang.Object, java.lang.Object, java.lang.Object, long)'> (0x00000000c6275598) 
thrown [s\open\src\hotspot\share\interpreter\linkResolver.cpp, line 773]
Event: 41.998 Thread 0x0000022657f27ae0 Exception <a 'java/lang/NoSuchMethodError'{0x00000000c6278d10}: 'java.lang.Object java.lang.invoke.Invokers$Holder.linkToTargetMethod(java.lang.Object, java.lang.Object, java.lang.Object, long, java.lang.Object)'> (0x00000000c6278d10) 
thrown [s\open\src\hotspot\share\interpreter\linkResolver.cpp, line 773]
Event: 42.150 Thread 0x0000022657f27ae0 Exception <a 'java/lang/NoSuchMethodError'{0x00000000c6025060}: 'java.lang.Object java.lang.invoke.DirectMethodHandle$Holder.invokeStatic(java.lang.Object, int, int)'> (0x00000000c6025060) 
thrown [s\open\src\hotspot\share\interpreter\linkResolver.cpp, line 773]
Event: 94.314 Thread 0x0000022657f28580 Implicit null exception at 0x00000226469e1660 to 0x00000226469e17dc
Event: 94.792 Thread 0x0000022657f27040 Exception <a 'java/lang/IncompatibleClassChangeError'{0x00000000c662fe70}: Found class java.lang.Object, but interface was expected> (0x00000000c662fe70) 
thrown [s\open\src\hotspot\share\interpreter\linkResolver.cpp, line 840]
Event: 96.525 Thread 0x0000022657f26af0 Implicit null exception at 0x0000022646d59440 to 0x0000022646d59467
Event: 96.762 Thread 0x0000022657f26af0 Exception <a 'java/lang/NoSuchMethodError'{0x00000000c6469148}: 'void java.lang.invoke.Invokers$Holder.invokeExact_MT(java.lang.Object, java.lang.Object, int, java.lang.Object)'> (0x00000000c6469148) 
thrown [s\open\src\hotspot\share\interpreter\linkResolver.cpp, line 773]
Event: 1777.890 Thread 0x000002265939e560 Implicit null exception at 0x0000022646a69b00 to 0x0000022646a69bdd
Event: 1778.902 Thread 0x000002265939dac0 Exception <a 'java/io/IOException'{0x00000000c746afc8}> (0x00000000c746afc8) 
thrown [s\open\src\hotspot\share\prims\jni.cpp, line 519]
Event: 1778.905 Thread 0x000002265939dac0 Exception <a 'java/io/IOException'{0x00000000c746b618}> (0x00000000c746b618) 
thrown [s\open\src\hotspot\share\prims\jni.cpp, line 519]

VM Operations (20 events):
Event: 1779.887 Executing VM operation: Cleanup
Event: 1779.888 Executing VM operation: Cleanup done
Event: 1785.944 Executing VM operation: Cleanup
Event: 1785.944 Executing VM operation: Cleanup done
Event: 1786.956 Executing VM operation: Cleanup
Event: 1786.956 Executing VM operation: Cleanup done
Event: 1789.979 Executing VM operation: Cleanup
Event: 1789.979 Executing VM operation: Cleanup done
Event: 1790.989 Executing VM operation: Cleanup
Event: 1790.989 Executing VM operation: Cleanup done
Event: 1799.067 Executing VM operation: Cleanup
Event: 1799.067 Executing VM operation: Cleanup done
Event: 1806.128 Executing VM operation: Cleanup
Event: 1806.128 Executing VM operation: Cleanup done
Event: 5945.206 Executing VM operation: Cleanup
Event: 5950.789 Executing VM operation: Cleanup done
Event: 5951.791 Executing VM operation: Cleanup
Event: 5952.956 Executing VM operation: Cleanup done
Event: 5959.016 Executing VM operation: Cleanup
Event: 5960.518 Executing VM operation: Cleanup done

Events (20 events):
Event: 1777.725 Thread 0x000002265939dac0 Thread added: 0x000002265939dac0
Event: 1777.734 Thread 0x000002265939e560 Thread added: 0x000002265939e560
Event: 1783.920 Thread 0x000002265939e560 Thread exited: 0x000002265939e560
Event: 1783.989 Thread 0x000002265939dac0 Thread exited: 0x000002265939dac0
Event: 1785.166 Thread 0x00000226593995b0 Thread added: 0x00000226593995b0
Event: 1785.167 Thread 0x000002265939bae0 Thread added: 0x000002265939bae0
Event: 1805.316 Thread 0x00000226593995b0 Thread exited: 0x00000226593995b0
Event: 1805.354 Thread 0x000002265939bae0 Thread exited: 0x000002265939bae0
Event: 1805.831 Thread 0x00000226593995b0 Thread added: 0x00000226593995b0
Event: 1805.831 Thread 0x000002265939dac0 Thread added: 0x000002265939dac0
Event: 1810.909 Thread 0x00000226593995b0 Thread exited: 0x00000226593995b0
Event: 1810.972 Thread 0x000002265939dac0 Thread exited: 0x000002265939dac0
Event: 1817.484 Thread 0x000002265939dac0 Thread added: 0x000002265939dac0
Event: 1817.487 Thread 0x000002265939f550 Thread added: 0x000002265939f550
Event: 1822.520 Thread 0x000002265939dac0 Thread exited: 0x000002265939dac0
Event: 1822.707 Thread 0x000002265939f550 Thread exited: 0x000002265939f550
Event: 5943.117 Thread 0x000002265939dac0 Thread added: 0x000002265939dac0
Event: 5943.120 Thread 0x000002265939bae0 Thread added: 0x000002265939bae0
Event: 5950.862 Thread 0x000002265939dac0 Thread exited: 0x000002265939dac0
Event: 5956.668 Thread 0x000002265939bae0 Thread exited: 0x000002265939bae0


Dynamic libraries:
0x00007ff6283c0000 - 0x00007ff6283d0000 	C:\Program Files\Java\jdk-20\bin\java.exe
0x00007ffddb250000 - 0x00007ffddb448000 	C:\WINDOWS\SYSTEM32\ntdll.dll
0x00007ffddab50000 - 0x00007ffddac12000 	C:\WINDOWS\System32\KERNEL32.DLL
0x00007ffdd88f0000 - 0x00007ffdd8bee000 	C:\WINDOWS\System32\KERNELBASE.dll
0x00007ffdd8ee0000 - 0x00007ffdd8fe0000 	C:\WINDOWS\System32\ucrtbase.dll
0x00007ffdd3f50000 - 0x00007ffdd3f69000 	C:\Program Files\Java\jdk-20\bin\jli.dll
0x00007ffdd9c70000 - 0x00007ffdd9d22000 	C:\WINDOWS\System32\ADVAPI32.dll
0x00007ffddb090000 - 0x00007ffddb12e000 	C:\WINDOWS\System32\msvcrt.dll
0x00007ffdd9270000 - 0x00007ffdd9310000 	C:\WINDOWS\System32\sechost.dll
0x00007ffdd9920000 - 0x00007ffdd9a43000 	C:\WINDOWS\System32\RPCRT4.dll
0x00007ffdd9070000 - 0x00007ffdd9097000 	C:\WINDOWS\System32\bcrypt.dll
0x00007ffdd2380000 - 0x00007ffdd239b000 	C:\Program Files\Java\jdk-20\bin\VCRUNTIME140.dll
0x00007ffdd9770000 - 0x00007ffdd990d000 	C:\WINDOWS\System32\USER32.dll
0x00007ffdd8e10000 - 0x00007ffdd8e32000 	C:\WINDOWS\System32\win32u.dll
0x00007ffdd94b0000 - 0x00007ffdd94db000 	C:\WINDOWS\System32\GDI32.dll
0x00007ffdd90a0000 - 0x00007ffdd91b7000 	C:\WINDOWS\System32\gdi32full.dll
0x00007ffdd8e40000 - 0x00007ffdd8edd000 	C:\WINDOWS\System32\msvcp_win.dll
0x00007ffdba2f0000 - 0x00007ffdba58a000 	C:\WINDOWS\WinSxS\amd64_microsoft.windows.common-controls_6595b64144ccf1df_6.0.19041.4355_none_60b8b9eb71f62e16\COMCTL32.dll
0x00007ffdcd370000 - 0x00007ffdcd37a000 	C:\WINDOWS\SYSTEM32\VERSION.dll
0x00007ffdd9a50000 - 0x00007ffdd9a7f000 	C:\WINDOWS\System32\IMM32.DLL
0x00007ffdd3fc0000 - 0x00007ffdd3fcc000 	C:\Program Files\Java\jdk-20\bin\vcruntime140_1.dll
0x00007ffdb4610000 - 0x00007ffdb469e000 	C:\Program Files\Java\jdk-20\bin\msvcp140.dll
0x00007ffd16f30000 - 0x00007ffd17bc7000 	C:\Program Files\Java\jdk-20\bin\server\jvm.dll
0x00007ffdbbf40000 - 0x00007ffdbbf49000 	C:\WINDOWS\SYSTEM32\WSOCK32.dll
0x00007ffdd9ba0000 - 0x00007ffdd9c0b000 	C:\WINDOWS\System32\WS2_32.dll
0x00007ffdbc3f0000 - 0x00007ffdbc417000 	C:\WINDOWS\SYSTEM32\WINMM.dll
0x00007ffdd7100000 - 0x00007ffdd7112000 	C:\WINDOWS\SYSTEM32\kernel.appcore.dll
0x00007ffdd2b80000 - 0x00007ffdd2b8a000 	C:\Program Files\Java\jdk-20\bin\jimage.dll
0x00007ffdd6460000 - 0x00007ffdd6644000 	C:\WINDOWS\SYSTEM32\DBGHELP.DLL
0x00007ffdb9ba0000 - 0x00007ffdb9bd4000 	C:\WINDOWS\SYSTEM32\dbgcore.DLL
0x00007ffdd8fe0000 - 0x00007ffdd9062000 	C:\WINDOWS\System32\bcryptPrimitives.dll
0x00007ffdd2b00000 - 0x00007ffdd2b0e000 	C:\Program Files\Java\jdk-20\bin\instrument.dll
0x00007ffdb45e0000 - 0x00007ffdb4606000 	C:\Program Files\Java\jdk-20\bin\java.dll
0x00007ffda5270000 - 0x00007ffda5347000 	C:\Program Files\Java\jdk-20\bin\jsvml.dll
0x00007ffdda2b0000 - 0x00007ffddaa1f000 	C:\WINDOWS\System32\SHELL32.dll
0x00007ffdd6650000 - 0x00007ffdd6df4000 	C:\WINDOWS\SYSTEM32\windows.storage.dll
0x00007ffdd9f50000 - 0x00007ffdda2a3000 	C:\WINDOWS\System32\combase.dll
0x00007ffdd8250000 - 0x00007ffdd827e000 	C:\WINDOWS\SYSTEM32\Wldp.dll
0x00007ffdd9dd0000 - 0x00007ffdd9e9d000 	C:\WINDOWS\System32\OLEAUT32.dll
0x00007ffdd9330000 - 0x00007ffdd93dd000 	C:\WINDOWS\System32\SHCORE.dll
0x00007ffdd9440000 - 0x00007ffdd9495000 	C:\WINDOWS\System32\shlwapi.dll
0x00007ffdd8820000 - 0x00007ffdd8844000 	C:\WINDOWS\SYSTEM32\profapi.dll
0x00007ffdd2360000 - 0x00007ffdd2378000 	C:\Program Files\Java\jdk-20\bin\zip.dll
0x00007ffdd1070000 - 0x00007ffdd1083000 	C:\Program Files\Java\jdk-20\bin\net.dll
0x00007ffdce450000 - 0x00007ffdce55d000 	C:\WINDOWS\SYSTEM32\WINHTTP.dll
0x00007ffdd7f70000 - 0x00007ffdd7fda000 	C:\WINDOWS\system32\mswsock.dll
0x00007ffdb46f0000 - 0x00007ffdb4706000 	C:\Program Files\Java\jdk-20\bin\nio.dll
0x00007ffdb45c0000 - 0x00007ffdb45da000 	C:\Program Files\JetBrains\IntelliJ IDEA Community Edition 2023.1.4\bin\breakgen64.dll
0x00007ffdd2a40000 - 0x00007ffdd2a47000 	C:\Program Files\Java\jdk-20\bin\extnet.dll
0x00007ffdb63c0000 - 0x00007ffdb63ce000 	C:\Program Files\Java\jdk-20\bin\sunmscapi.dll
0x00007ffdd8c40000 - 0x00007ffdd8d9c000 	C:\WINDOWS\System32\CRYPT32.dll
0x00007ffdd82c0000 - 0x00007ffdd82e7000 	C:\WINDOWS\SYSTEM32\ncrypt.dll
0x00007ffdd8280000 - 0x00007ffdd82bb000 	C:\WINDOWS\SYSTEM32\NTASN1.dll
0x00007ffdd8180000 - 0x00007ffdd8198000 	C:\WINDOWS\SYSTEM32\CRYPTSP.dll
0x00007ffdd7890000 - 0x00007ffdd78c4000 	C:\WINDOWS\system32\rsaenh.dll
0x00007ffdd87e0000 - 0x00007ffdd880e000 	C:\WINDOWS\SYSTEM32\USERENV.dll
0x00007ffdd81c0000 - 0x00007ffdd81cc000 	C:\WINDOWS\SYSTEM32\CRYPTBASE.dll
0x00007ffdd7c60000 - 0x00007ffdd7c9b000 	C:\WINDOWS\SYSTEM32\IPHLPAPI.DLL
0x00007ffdd94a0000 - 0x00007ffdd94a8000 	C:\WINDOWS\System32\NSI.dll
0x00007ffdcf9d0000 - 0x00007ffdcf9e7000 	C:\WINDOWS\SYSTEM32\dhcpcsvc6.DLL
0x00007ffdd1460000 - 0x00007ffdd147d000 	C:\WINDOWS\SYSTEM32\dhcpcsvc.DLL
0x00007ffdd7ca0000 - 0x00007ffdd7d6a000 	C:\WINDOWS\SYSTEM32\DNSAPI.dll
0x00007ffdad2c0000 - 0x00007ffdad2ca000 	C:\Program Files\Java\jdk-20\bin\management.dll
0x00007ffdac820000 - 0x00007ffdac82b000 	C:\Program Files\Java\jdk-20\bin\management_ext.dll
0x00007ffdd9d30000 - 0x00007ffdd9d38000 	C:\WINDOWS\System32\PSAPI.DLL
0x00007ffdac7c0000 - 0x00007ffdac7d0000 	C:\Program Files\Java\jdk-20\bin\verify.dll
0x00007ffdbeb00000 - 0x00007ffdbeb0a000 	C:\Windows\System32\rasadhlp.dll
0x00007ffdc0090000 - 0x00007ffdc0110000 	C:\WINDOWS\System32\fwpuclnt.dll
0x00007ffdd1160000 - 0x00007ffdd1167000 	C:\WINDOWS\system32\wshunix.dll

dbghelp: loaded successfully - version: 4.0.5 - missing functions: none
symbol engine: initialized successfully - sym options: 0x614 - pdb path: .;C:\Program Files\Java\jdk-20\bin;C:\WINDOWS\SYSTEM32;C:\WINDOWS\WinSxS\amd64_microsoft.windows.common-controls_6595b64144ccf1df_6.0.19041.4355_none_60b8b9eb71f62e16;C:\Program Files\Java\jdk-20\bin\server;C:\Program Files\JetBrains\IntelliJ IDEA Community Edition 2023.1.4\bin

VM Arguments:
jvm_args: -javaagent:C:\Program Files\JetBrains\IntelliJ IDEA Community Edition 2023.1.4\lib\idea_rt.jar=50771:C:\Program Files\JetBrains\IntelliJ IDEA Community Edition 2023.1.4\bin -Dfile.encoding=UTF-8 -Dsun.stdout.encoding=UTF-8 -Dsun.stderr.encoding=UTF-8 
java_command: pe.proyecto.eventos.ProyectoEventosBackendV1Application
java_class_path (initial): C:\Users\nicos\OneDrive\Escritorio\Proyectos  Java - Spring boot\proyecto-eventos-backend-v1\target\classes;C:\Users\nicos\.m2\repository\org\springframework\boot\spring-boot-starter-data-jpa\3.2.7\spring-boot-starter-data-jpa-3.2.7.jar;C:\Users\nicos\.m2\repository\org\springframework\boot\spring-boot-starter-aop\3.2.7\spring-boot-starter-aop-3.2.7.jar;C:\Users\nicos\.m2\repository\org\aspectj\aspectjweaver\1.9.22\aspectjweaver-1.9.22.jar;C:\Users\nicos\.m2\repository\org\springframework\boot\spring-boot-starter-jdbc\3.2.7\spring-boot-starter-jdbc-3.2.7.jar;C:\Users\nicos\.m2\repository\com\zaxxer\HikariCP\5.0.1\HikariCP-5.0.1.jar;C:\Users\nicos\.m2\repository\org\springframework\spring-jdbc\6.1.10\spring-jdbc-6.1.10.jar;C:\Users\nicos\.m2\repository\org\hibernate\orm\hibernate-core\6.4.9.Final\hibernate-core-6.4.9.Final.jar;C:\Users\nicos\.m2\repository\jakarta\persistence\jakarta.persistence-api\3.1.0\jakarta.persistence-api-3.1.0.jar;C:\Users\nicos\.m2\repository\jakarta\transaction\jakarta.transaction-api\2.0.1\jakarta.transaction-api-2.0.1.jar;C:\Users\nicos\.m2\repository\org\jboss\logging\jboss-logging\3.5.3.Final\jboss-logging-3.5.3.Final.jar;C:\Users\nicos\.m2\repository\org\hibernate\common\hibernate-commons-annotations\6.0.6.Final\hibernate-commons-annotations-6.0.6.Final.jar;C:\Users\nicos\.m2\repository\io\smallrye\jandex\3.1.2\jandex-3.1.2.jar;C:\Users\nicos\.m2\repository\com\fasterxml\classmate\1.6.0\classmate-1.6.0.jar;C:\Users\nicos\.m2\repository\net\bytebuddy\byte-buddy\1.14.17\byte-buddy-1.14.17.jar;C:\Users\nicos\.m2\repository\org\glassfish\jaxb\jaxb-runtime\4.0.5\jaxb-runtime-4.0.5.jar;C:\Users\nicos\.m2\repository\org\glassfish\jaxb\jaxb-core\4.0.5\jaxb-core-4.0.5.jar;C:\Users\nicos\.m2\repository\org\eclipse\angus\angus-activation\2.0.2\angus-activation-2.0.2.jar;C:\Users\nicos\.m2\repository\org\glassfish\jaxb\txw2\4.0.5\txw2-4.0.5.jar;C:\Users\nicos\.m2\repository\com\sun\istack\istack-commons-runtime\4.1.2\istack-commons-runtime-4.1.2.jar;C:\Users\nicos\.m2\repository\jakarta\inject\jakarta.inject-api\2.0.1\jakarta.inject-api-2.0.1.jar;C:\Users\nicos\.m2\repository\org\antlr\antlr4-runtime\4.13.0\antlr4-runtime-4.13.0.jar;C:\Users\nicos\.m2\repository\org\springframework\data\spring-data-jpa\3.2.7\spring-data-jpa-3.2.7.jar;C:\Users\nicos\.m2\repository\org\springframework\data\spring-data-commons\3.2.7\spring-data-commons-3.2.7.jar;C:\Users\nicos\.m2\repository\org\springframework\spring-orm\6.1.10\spring-orm-6.1.10.jar;C:\Users\nicos\.m2\repository\org\springframework\spring-context\6.1.10\spring-context-6.1.10.jar;C:\Users\nicos\.m2\repository\org\springframework\spring-tx\6.1.10\spring-tx-6.1.10.jar;C:\Users\nicos\.m2\repository\org\springframework\spring-beans\6.1.10\spring-beans-6.1.10.jar;C:\Users\nicos\.m2\repository\jakarta\annotation\jakarta.annotation-api\2.1.1\jakarta.annotation-api-2.1.1.jar;C:\Users\nicos\.m2\repository\org\slf4j\slf4j-api\2.0.13\slf4j-api-2.0.13.jar;C:\Users\nicos\.m2\repository\org\springframework\spring-aspects\6.1.10\spring-aspects-6.1.10.jar;C:\Users\nicos\.m2\repository\org\springframework\boot\spring-boot-starter-security\3.2.7\spring-boot-starter-security-3.2.7.jar;C:\Users\nicos\.m2\repository\org\springframework\boot\spring-boot-starter\3.2.7\spring-boot-starter-3.2.7.jar;C:\Users\nicos\.m2\repository\org\springframework\boot\spring-boot\3.2.7\spring-boot-3.2.7.jar;C:\Users\nicos\.m2\repository\org\springframework\boot\spring-boot-autoconfigure\3.2.7\spring-boot-autoconfigure-3.2.7.jar;C:\Users\nicos\.m2\repository\org\springframework\boot\spring-boot-starter-logging\3.2.7\spring-boot-starter-logging-3.2.7.jar;C:\Users\nicos\.m2\repository\ch\qos\logback\logback-classic\1.4.14\logback-classic-1.4.14.jar;C:\Users\nicos\.m2\repository\ch\qos\logback\logback-core\1.4.14\logback-core-1.4.14.jar;C:\Users\nicos\.m2\repository\org\apache\logging\log4j\log4j-to-slf4j\2.21.1\log4j-to-slf4j-2.21.1.jar;C:\Users\nicos\.m2\repository\org\apache\logging\log4j\log4j-api\2.21.1\log4j-api-2.21.1.jar;C:\Users\nicos\.m2\repository\org\slf4j\jul-to-slf4j\2.0.13\jul-to-slf4j-2.0.13.jar;C:\Users\nicos\.m2\repository\org\yaml\snakeyaml\2.2\snakeyaml-2.2.jar;C:\Users\nicos\.m2\repository\org\springframework\spring-aop\6.1.10\spring-aop-6.1.10.jar;C:\Users\nicos\.m2\repository\org\springframework\security\spring-security-config\6.2.5\spring-security-config-6.2.5.jar;C:\Users\nicos\.m2\repository\org\springframework\security\spring-security-web\6.2.5\spring-security-web-6.2.5.jar;C:\Users\nicos\.m2\repository\org\springframework\spring-expression\6.1.10\spring-expression-6.1.10.jar;C:\Users\nicos\.m2\repository\org\springframework\boot\spring-boot-starter-thymeleaf\3.2.7\spring-boot-starter-thymeleaf-3.2.7.jar;C:\Users\nicos\.m2\repository\org\thymeleaf\thymeleaf-spring6\3.1.2.RELEASE\thymeleaf-spring6-3.1.2.RELEASE.jar;C:\Users\nicos\.m2\repository\org\thymeleaf\thymeleaf\3.1.2.RELEASE\thymeleaf-3.1.2.RELEASE.jar;C:\Users\nicos\.m2\repository\org\attoparser\attoparser\2.0.7.RELEASE\attoparser-2.0.7.RELEASE.jar;C:\Users\nicos\.m2\repository\org\unbescape\unbescape\1.1.6.RELEASE\unbescape-1.1.6.RELEASE.jar;C:\Users\nicos\.m2\repository\org\springframework\boot\spring-boot-starter-validation\3.2.7\spring-boot-starter-validation-3.2.7.jar;C:\Users\nicos\.m2\repository\org\apache\tomcat\embed\tomcat-embed-el\10.1.25\tomcat-embed-el-10.1.25.jar;C:\Users\nicos\.m2\repository\org\hibernate\validator\hibernate-validator\8.0.1.Final\hibernate-validator-8.0.1.Final.jar;C:\Users\nicos\.m2\repository\jakarta\validation\jakarta.validation-api\3.0.2\jakarta.validation-api-3.0.2.jar;C:\Users\nicos\.m2\repository\org\springframework\boot\spring-boot-starter-web\3.2.7\spring-boot-starter-web-3.2.7.jar;C:\Users\nicos\.m2\repository\org\springframework\boot\spring-boot-starter-json\3.2.7\spring-boot-starter-json-3.2.7.jar;C:\Users\nicos\.m2\repository\com\fasterxml\jackson\datatype\jackson-datatype-jdk8\2.15.4\jackson-datatype-jdk8-2.15.4.jar;C:\Users\nicos\.m2\repository\com\fasterxml\jackson\datatype\jackson-datatype-jsr310\2.15.4\jackson-datatype-jsr310-2.15.4.jar;C:\Users\nicos\.m2\repository\com\fasterxml\jackson\module\jackson-module-parameter-names\2.15.4\jackson-module-parameter-names-2.15.4.jar;C:\Users\nicos\.m2\repository\org\springframework\boot\spring-boot-starter-tomcat\3.2.7\spring-boot-starter-tomcat-3.2.7.jar;C:\Users\nicos\.m2\repository\org\apache\tomcat\embed\tomcat-embed-core\10.1.25\tomcat-embed-core-10.1.25.jar;C:\Users\nicos\.m2\repository\org\apache\tomcat\embed\tomcat-embed-websocket\10.1.25\tomcat-embed-websocket-10.1.25.jar;C:\Users\nicos\.m2\repository\org\springframework\spring-web\6.1.10\spring-web-6.1.10.jar;C:\Users\nicos\.m2\repository\io\micrometer\micrometer-observation\1.12.7\micrometer-observation-1.12.7.jar;C:\Users\nicos\.m2\repository\io\micrometer\micrometer-commons\1.12.7\micrometer-commons-1.12.7.jar;C:\Users\nicos\.m2\repository\org\springframework\spring-webmvc\6.1.10\spring-webmvc-6.1.10.jar;C:\Users\nicos\.m2\repository\com\mysql\mysql-connector-j\8.3.0\mysql-connector-j-8.3.0.jar;C:\Users\nicos\.m2\repository\org\projectlombok\lombok\1.18.32\lombok-1.18.32.jar;C:\Users\nicos\.m2\repository\jakarta\xml\bind\jakarta.xml.bind-api\4.0.2\jakarta.xml.bind-api-4.0.2.jar;C:\Users\nicos\.m2\repository\jakarta\activation\jakarta.activation-api\2.1.3\jakarta.activation-api-2.1.3.jar;C:\Users\nicos\.m2\repository\org\springframework\spring-core\6.1.10\spring-core-6.1.10.jar;C:\Users\nicos\.m2\repository\org\springframework\spring-jcl\6.1.10\spring-jcl-6.1.10.jar;C:\Users\nicos\.m2\repository\org\springframework\security\spring-security-core\6.2.5\spring-security-core-6.2.5.jar;C:\Users\nicos\.m2\repository\org\springframework\security\spring-security-crypto\6.2.5\spring-security-crypto-6.2.5.jar;C:\Users\nicos\.m2\repository\io\jsonwebtoken\jjwt-api\0.11.5\jjwt-api-0.11.5.jar;C:\Users\nicos\.m2\repository\io\jsonwebtoken\jjwt-impl\0.11.5\jjwt-impl-0.11.5.jar;C:\Users\nicos\.m2\repository\io\jsonwebtoken\jjwt-jackson\0.11.5\jjwt-jackson-0.11.5.jar;C:\Users\nicos\.m2\repository\com\fasterxml\jackson\core\jackson-databind\2.15.4\jackson-databind-2.15.4.jar;C:\Users\nicos\.m2\repository\com\fasterxml\jackson\core\jackson-annotations\2.15.4\jackson-annotations-2.15.4.jar;C:\Users\nicos\.m2\repository\com\fasterxml\jackson\core\jackson-core\2.15.4\jackson-core-2.15.4.jar;C:\Users\nicos\.m2\repository\org\springdoc\springdoc-openapi-starter-webmvc-ui\2.1.0\springdoc-openapi-starter-webmvc-ui-2.1.0.jar;C:\Users\nicos\.m2\repository\org\springdoc\springdoc-openapi-starter-webmvc-api\2.1.0\springdoc-openapi-starter-webmvc-api-2.1.0.jar;C:\Users\nicos\.m2\repository\org\springdoc\springdoc-openapi-starter-common\2.1.0\springdoc-openapi-starter-common-2.1.0.jar;C:\Users\nicos\.m2\repository\io\swagger\core\v3\swagger-core-jakarta\2.2.9\swagger-core-jakarta-2.2.9.jar;C:\Users\nicos\.m2\repository\io\swagger\core\v3\swagger-annotations-jakarta\2.2.9\swagger-annotations-jakarta-2.2.9.jar;C:\Users\nicos\.m2\repository\io\swagger\core\v3\swagger-models-jakarta\2.2.9\swagger-models-jakarta-2.2.9.jar;C:\Users\nicos\.m2\repository\com\fasterxml\jackson\dataformat\jackson-dataformat-yaml\2.15.4\jackson-dataformat-yaml-2.15.4.jar;C:\Users\nicos\.m2\repository\org\webjars\swagger-ui\4.18.2\swagger-ui-4.18.2.jar;C:\Users\nicos\.m2\repository\com\cloudinary\cloudinary-http44\1.39.0\cloudinary-http44-1.39.0.jar;C:\Users\nicos\.m2\repository\com\cloudinary\cloudinary-core\1.39.0\cloudinary-core-1.39.0.jar;C:\Users\nicos\.m2\repository\org\apache\commons\commons-lang3\3.13.0\commons-lang3-3.13.0.jar;C:\Users\nicos\.m2\repository\org\apache\httpcomponents\httpclient\4.4\httpclient-4.4.jar;C:\Users\nicos\.m2\repository\org\apache\httpcomponents\httpcore\4.4.16\httpcore-4.4.16.jar;C:\Users\nicos\.m2\repository\commons-logging\commons-logging\1.2\commons-logging-1.2.jar;C:\Users\nicos\.m2\repository\commons-codec\commons-codec\1.16.1\commons-codec-1.16.1.jar;C:\Users\nicos\.m2\repository\org\apache\httpcomponents\httpmime\4.4\httpmime-4.4.jar
Launcher Type: SUN_STANDARD

[Global flags]
     intx CICompilerCount                          = 3                                         {product} {ergonomic}
     uint ConcGCThreads                            = 1                                         {product} {ergonomic}
     uint G1ConcRefinementThreads                  = 4                                         {product} {ergonomic}
   size_t G1HeapRegionSize                         = 1048576                                   {product} {ergonomic}
    uintx GCDrainStackTargetSize                   = 64                                        {product} {ergonomic}
   size_t InitialHeapSize                          = 65011712                                  {product} {ergonomic}
   size_t MarkStackSize                            = 4194304                                   {product} {ergonomic}
   size_t MaxHeapSize                              = 1023410176                                {product} {ergonomic}
   size_t MaxNewSize                               = 613416960                                 {product} {ergonomic}
   size_t MinHeapDeltaBytes                        = 1048576                                   {product} {ergonomic}
   size_t MinHeapSize                              = 8388608                                   {product} {ergonomic}
    uintx NonNMethodCodeHeapSize                   = 5832780                                {pd product} {ergonomic}
    uintx NonProfiledCodeHeapSize                  = 122912730                              {pd product} {ergonomic}
    uintx ProfiledCodeHeapSize                     = 122912730                              {pd product} {ergonomic}
    uintx ReservedCodeCacheSize                    = 251658240                              {pd product} {ergonomic}
     bool SegmentedCodeCache                       = true                                      {product} {ergonomic}
   size_t SoftMaxHeapSize                          = 1023410176                             {manageable} {ergonomic}
     bool UseCompressedClassPointers               = true                           {product lp64_product} {ergonomic}
     bool UseCompressedOops                        = true                           {product lp64_product} {ergonomic}
     bool UseG1GC                                  = true                                      {product} {ergonomic}
     bool UseLargePagesIndividualAllocation        = false                                  {pd product} {ergonomic}

Logging:
Log output configuration:
 #0: stdout all=warning uptime,level,tags foldmultilines=false
 #1: stderr all=off uptime,level,tags foldmultilines=false

Environment Variables:
PATH=C:\Program Files\Common Files\Oracle\Java\javapath;C:\Program Files (x86)\Common Files\Oracle\Java\javapath;C:\WINDOWS\system32;C:\WINDOWS;C:\WINDOWS\System32\Wbem;C:\WINDOWS\System32\WindowsPowerShell\v1.0\;C:\WINDOWS\System32\OpenSSH\;C:\Program Files\Docker\Docker\resources\bin;C:\Program Files\nodejs\;C:\Program Files\Git\cmd;C:\Program Files\Microsoft SQL Server\150\Tools\Binn\;C:\Program Files\Microsoft SQL Server\Client SDK\ODBC\170\Tools\Binn\;C:\Program Files\dotnet\;C:\Program Files (x86)\Microsoft SQL Server\160\Tools\Binn\;C:\Program Files\Microsoft SQL Server\160\Tools\Binn\;C:\Program Files\Microsoft SQL Server\160\DTS\Binn\;C:\Program Files (x86)\Microsoft SQL Server\160\DTS\Binn\;C:\Program Files\Azure Data Studio\bin;C:\Maven\apache-maven-3.9.5\bin;C:\Program Files\MySQL\MySQL Shell 8.0\bin\;C:\Users\nicos\AppData\Local\Microsoft\WindowsApps;;C:\Users\nicos\AppData\Local\Programs\Microsoft VS Code\bin;C:\Users\nicos\AppData\Roaming\npm;C:\Users\nicos\.dotnet\tools;C:\Program Files\Azure Data Studio\bin;C:\Program Files\JetBrains\IntelliJ IDEA Community Edition 2023.1.4\bin;
USERNAME=NICO
OS=Windows_NT
PROCESSOR_IDENTIFIER=Intel64 Family 6 Model 142 Stepping 12, GenuineIntel
TMP=C:\Users\nicos\AppData\Local\Temp
TEMP=C:\Users\nicos\AppData\Local\Temp




---------------  S Y S T E M  ---------------

OS:
 Windows 10 , 64 bit Build 19041 (10.0.19041.4957)
OS uptime: 0 days 2:43 hours
Hyper-V role detected

CPU: total 4 (initial active 4) (2 cores per cpu, 2 threads per core) family 6 model 142 stepping 12 microcode 0xde, cx8, cmov, fxsr, ht, mmx, 3dnowpref, sse, sse2, sse3, ssse3, sse4.1, sse4.2, popcnt, lzcnt, tsc, tscinvbit, avx, avx2, aes, erms, clmul, bmi1, bmi2, adx, fma, vzeroupper, clflush, clflushopt, hv, rdtscp, f16c

Memory: 4k page, system-wide physical 3900M (24M free)
TotalPageFile size 15676M (AvailPageFile size 9M)
current process WorkingSet (physical memory assigned to process): 73M, peak: 224M
current process commit charge ("private bytes"): 309M, peak: 310M

vm_info: Java HotSpot(TM) 64-Bit Server VM (20.0.1+9-29) for windows-amd64 JRE (20.0.1+9-29), built on 2023-03-07T13:56:11Z by "mach5one" with MS VC++ 17.1 (VS2022)

END.
